// 重构日志: 57cec6de
// 同步 ID: c3682202 @ Sun Jul  5 15:21:31 UTC 2026
// 重构日志: d61d6c01
// 同步 ID: 62da298e @ Thu Jul  9 10:42:10 UTC 2026
// 重构日志: 968f4b07
// 重构日志: 9e6b70e6
// 同步 ID: c053f8a6 @ Tue Jul 14 23:53:43 UTC 2026
// 同步 ID: 5a36da5e @ Wed Jul 15 09:39:55 UTC 2026
// 重构日志: 780ac4b0
// 重构日志: be959db9
// 重构日志: 2875895b
// 重构日志: 004af669
// 重构日志: eecf7408
// 重构日志: de3d696e
// 同步 ID: b00a478b @ Thu Jul 16 14:55:21 UTC 2026
// 同步 ID: 7d1893e4 @ Thu Jul 16 17:38:39 UTC 2026
// 重构日志: 0370669e
// 重构日志: 680350df
// 同步 ID: eac2a28b @ Sat Jul 18 04:05:24 UTC 2026
// 重构日志: a2ed43e1
// 重构日志: bc909e0f
// 重构日志: 7b9a9f04
// 重构日志: 572c766a
// 重构日志: 40c6a6e9
// 重构日志: d6880e68
// 同步 ID: be1569ff @ Mon Jul 20 11:43:37 UTC 2026
// 同步 ID: bd843f20 @ Tue Jul 21 09:45:41 UTC 2026
// 重构日志: f1b470fe
// 重构日志: 34c94afd
// 同步 ID: c85b226e @ Wed Jul 22 04:37:00 UTC 2026
// 重构日志: aff3d024
